<?xml version="1.0" encoding="UTF-8"?>
<testng-results ignored="0" total="6" passed="6" failed="0" skipped="0">
  <reporter-output>
  </reporter-output>
  <suite started-at="2025-08-01T00:05:40 CEST" name="Surefire suite" finished-at="2025-08-01T00:06:44 CEST" duration-ms="64627">
    <groups>
      <group name="ErrorHandling">
        <method signature="ErrorValidationsTest.LoginErrorValidation()[pri:0, instance:rahulshettyacademy.tests.ErrorValidationsTest@5af3afd9]" name="LoginErrorValidation" class="rahulshettyacademy.tests.ErrorValidationsTest"/>
      </group> <!-- ErrorHandling -->
      <group name="Purchase">
        <method signature="SubmitOrderTest.submitOrder(java.util.HashMap)[pri:0, instance:rahulshettyacademy.tests.SubmitOrderTest@694abbdc]" name="submitOrder" class="rahulshettyacademy.tests.SubmitOrderTest"/>
      </group> <!-- Purchase -->
      <group name="cucumber">
        <method signature="AbstractTestNGCucumberTests.runScenario(io.cucumber.testng.PickleWrapper,io.cucumber.testng.FeatureWrapper)[pri:0, instance:cucumber.TestNGTestRunner@5fdcaa40]" name="runScenario" class="io.cucumber.testng.AbstractTestNGCucumberTests"/>
      </group> <!-- cucumber -->
    </groups>
    <test started-at="2025-08-01T00:05:40 CEST" name="Surefire test" finished-at="2025-08-01T00:06:44 CEST" duration-ms="64627">
      <class name="rahulshettyacademy.tests.SubmitOrderTest">
        <test-method is-config="true" signature="launchApplication()[pri:0, instance:rahulshettyacademy.tests.SubmitOrderTest@694abbdc]" started-at="2025-08-01T00:06:13 CEST" name="launchApplication" finished-at="2025-08-01T00:06:17 CEST" duration-ms="4236" status="PASS">
          <reporter-output>
          </reporter-output>
        </test-method> <!-- launchApplication -->
        <test-method signature="submitOrder(java.util.HashMap)[pri:0, instance:rahulshettyacademy.tests.SubmitOrderTest@694abbdc]" started-at="2025-08-01T00:06:17 CEST" name="submitOrder" data-provider="getData" finished-at="2025-08-01T00:06:23 CEST" duration-ms="6305" status="PASS">
          <params>
            <param index="0">
              <value>
                <![CDATA[{password=Azerty123+, product=ZARA COAT 3, email=ey.selenium@yopmail.com}]]>
              </value>
            </param>
          </params>
          <reporter-output>
          </reporter-output>
        </test-method> <!-- submitOrder -->
        <test-method is-config="true" signature="tearDown()[pri:0, instance:rahulshettyacademy.tests.SubmitOrderTest@694abbdc]" started-at="2025-08-01T00:06:23 CEST" name="tearDown" finished-at="2025-08-01T00:06:24 CEST" duration-ms="596" status="PASS">
          <reporter-output>
          </reporter-output>
        </test-method> <!-- tearDown -->
        <test-method is-config="true" signature="launchApplication()[pri:0, instance:rahulshettyacademy.tests.SubmitOrderTest@694abbdc]" started-at="2025-08-01T00:06:24 CEST" name="launchApplication" finished-at="2025-08-01T00:06:28 CEST" duration-ms="4183" status="PASS">
          <reporter-output>
          </reporter-output>
        </test-method> <!-- launchApplication -->
        <test-method signature="submitOrder(java.util.HashMap)[pri:0, instance:rahulshettyacademy.tests.SubmitOrderTest@694abbdc]" started-at="2025-08-01T00:06:28 CEST" name="submitOrder" data-provider="getData" finished-at="2025-08-01T00:06:35 CEST" duration-ms="6815" status="PASS">
          <params>
            <param index="0">
              <value>
                <![CDATA[{password=Azerty1234+, product=ADIDAS ORIGINAL, email=ey2.selenium@yopmail.com}]]>
              </value>
            </param>
          </params>
          <reporter-output>
          </reporter-output>
        </test-method> <!-- submitOrder -->
        <test-method is-config="true" signature="tearDown()[pri:0, instance:rahulshettyacademy.tests.SubmitOrderTest@694abbdc]" started-at="2025-08-01T00:06:35 CEST" name="tearDown" finished-at="2025-08-01T00:06:35 CEST" duration-ms="626" status="PASS">
          <reporter-output>
          </reporter-output>
        </test-method> <!-- tearDown -->
        <test-method is-config="true" signature="launchApplication()[pri:0, instance:rahulshettyacademy.tests.SubmitOrderTest@694abbdc]" started-at="2025-08-01T00:06:35 CEST" name="launchApplication" finished-at="2025-08-01T00:06:40 CEST" duration-ms="4454" status="PASS">
          <reporter-output>
          </reporter-output>
        </test-method> <!-- launchApplication -->
        <test-method signature="OrderHistoryTest()[pri:0, instance:rahulshettyacademy.tests.SubmitOrderTest@694abbdc]" started-at="2025-08-01T00:06:40 CEST" name="OrderHistoryTest" finished-at="2025-08-01T00:06:44 CEST" depends-on-methods="rahulshettyacademy.tests.SubmitOrderTest.submitOrder" duration-ms="3922" status="PASS">
          <reporter-output>
          </reporter-output>
        </test-method> <!-- OrderHistoryTest -->
        <test-method is-config="true" signature="tearDown()[pri:0, instance:rahulshettyacademy.tests.SubmitOrderTest@694abbdc]" started-at="2025-08-01T00:06:44 CEST" name="tearDown" finished-at="2025-08-01T00:06:44 CEST" duration-ms="411" status="PASS">
          <reporter-output>
          </reporter-output>
        </test-method> <!-- tearDown -->
      </class> <!-- rahulshettyacademy.tests.SubmitOrderTest -->
      <class name="rahulshettyacademy.tests.ErrorValidationsTest">
        <test-method is-config="true" signature="launchApplication()[pri:0, instance:rahulshettyacademy.tests.ErrorValidationsTest@5af3afd9]" started-at="2025-08-01T00:05:52 CEST" name="launchApplication" finished-at="2025-08-01T00:05:57 CEST" duration-ms="5006" status="PASS">
          <reporter-output>
          </reporter-output>
        </test-method> <!-- launchApplication -->
        <test-method signature="LoginErrorValidation()[pri:0, instance:rahulshettyacademy.tests.ErrorValidationsTest@5af3afd9]" started-at="2025-08-01T00:05:57 CEST" name="LoginErrorValidation" finished-at="2025-08-01T00:05:59 CEST" duration-ms="2714" status="PASS">
          <reporter-output>
          </reporter-output>
        </test-method> <!-- LoginErrorValidation -->
        <test-method is-config="true" signature="tearDown()[pri:0, instance:rahulshettyacademy.tests.ErrorValidationsTest@5af3afd9]" started-at="2025-08-01T00:05:59 CEST" name="tearDown" finished-at="2025-08-01T00:06:01 CEST" duration-ms="1391" status="PASS">
          <reporter-output>
          </reporter-output>
        </test-method> <!-- tearDown -->
        <test-method is-config="true" signature="launchApplication()[pri:0, instance:rahulshettyacademy.tests.ErrorValidationsTest@5af3afd9]" started-at="2025-08-01T00:06:01 CEST" name="launchApplication" finished-at="2025-08-01T00:06:06 CEST" duration-ms="5424" status="PASS">
          <reporter-output>
          </reporter-output>
        </test-method> <!-- launchApplication -->
        <test-method signature="ProductErrorValidation()[pri:0, instance:rahulshettyacademy.tests.ErrorValidationsTest@5af3afd9]" started-at="2025-08-01T00:06:06 CEST" name="ProductErrorValidation" finished-at="2025-08-01T00:06:12 CEST" duration-ms="5364" status="PASS">
          <reporter-output>
          </reporter-output>
        </test-method> <!-- ProductErrorValidation -->
        <test-method is-config="true" signature="tearDown()[pri:0, instance:rahulshettyacademy.tests.ErrorValidationsTest@5af3afd9]" started-at="2025-08-01T00:06:12 CEST" name="tearDown" finished-at="2025-08-01T00:06:12 CEST" duration-ms="475" status="PASS">
          <reporter-output>
          </reporter-output>
        </test-method> <!-- tearDown -->
      </class> <!-- rahulshettyacademy.tests.ErrorValidationsTest -->
      <class name="cucumber.TestNGTestRunner">
        <test-method is-config="true" signature="setUpClass(org.testng.ITestContext)[pri:0, instance:cucumber.TestNGTestRunner@5fdcaa40]" started-at="2025-08-01T00:05:40 CEST" name="setUpClass" finished-at="2025-08-01T00:05:40 CEST" duration-ms="619" status="PASS">
          <params>
            <param index="0">
              <value>
                <![CDATA[org.testng.TestRunner@5c48b72c]]>
              </value>
            </param>
          </params>
          <reporter-output>
          </reporter-output>
        </test-method> <!-- setUpClass -->
        <test-method signature="runScenario(io.cucumber.testng.PickleWrapper,io.cucumber.testng.FeatureWrapper)[pri:0, instance:cucumber.TestNGTestRunner@5fdcaa40]" started-at="2025-08-01T00:05:40 CEST" name="runScenario" description="Runs Cucumber Scenarios" data-provider="scenarios" finished-at="2025-08-01T00:05:52 CEST" duration-ms="11271" status="PASS">
          <params>
            <param index="0">
              <value>
                <![CDATA["Title of your scenario outline"]]>
              </value>
            </param>
            <param index="1">
              <value>
                <![CDATA["Error validation"]]>
              </value>
            </param>
          </params>
          <reporter-output>
          </reporter-output>
        </test-method> <!-- runScenario -->
        <test-method is-config="true" signature="tearDownClass()[pri:0, instance:cucumber.TestNGTestRunner@5fdcaa40]" started-at="2025-08-01T00:05:52 CEST" name="tearDownClass" finished-at="2025-08-01T00:05:52 CEST" duration-ms="44" status="PASS">
          <reporter-output>
          </reporter-output>
        </test-method> <!-- tearDownClass -->
      </class> <!-- cucumber.TestNGTestRunner -->
    </test> <!-- Surefire test -->
  </suite> <!-- Surefire suite -->
</testng-results>
