<?xml version="1.0" encoding="UTF-8"?>
<testng-results ignored="0" total="6" passed="6" failed="0" skipped="0">
  <reporter-output>
  </reporter-output>
  <suite started-at="2025-07-27T23:55:15 CEST" name="Surefire suite" finished-at="2025-07-27T23:56:05 CEST" duration-ms="49975">
    <groups>
      <group name="ErrorHandling">
        <method signature="ErrorValidationsTest.LoginErrorValidation()[pri:0, instance:rahulshettyacademy.tests.ErrorValidationsTest@5af3afd9]" name="LoginErrorValidation" class="rahulshettyacademy.tests.ErrorValidationsTest"/>
      </group> <!-- ErrorHandling -->
      <group name="Purchase">
        <method signature="SubmitOrderTest.submitOrder(java.util.HashMap)[pri:0, instance:rahulshettyacademy.tests.SubmitOrderTest@694abbdc]" name="submitOrder" class="rahulshettyacademy.tests.SubmitOrderTest"/>
      </group> <!-- Purchase -->
      <group name="cucumber">
        <method signature="AbstractTestNGCucumberTests.runScenario(io.cucumber.testng.PickleWrapper,io.cucumber.testng.FeatureWrapper)[pri:0, instance:cucumber.TestNGTestRunner@5fdcaa40]" name="runScenario" class="io.cucumber.testng.AbstractTestNGCucumberTests"/>
      </group> <!-- cucumber -->
    </groups>
    <test started-at="2025-07-27T23:55:15 CEST" name="Surefire test" finished-at="2025-07-27T23:56:05 CEST" duration-ms="49975">
      <class name="rahulshettyacademy.tests.SubmitOrderTest">
        <test-method is-config="true" signature="launchApplication()[pri:0, instance:rahulshettyacademy.tests.SubmitOrderTest@694abbdc]" started-at="2025-07-27T23:55:38 CEST" name="launchApplication" finished-at="2025-07-27T23:55:41 CEST" duration-ms="3592" status="PASS">
          <reporter-output>
          </reporter-output>
        </test-method> <!-- launchApplication -->
        <test-method signature="submitOrder(java.util.HashMap)[pri:0, instance:rahulshettyacademy.tests.SubmitOrderTest@694abbdc]" started-at="2025-07-27T23:55:41 CEST" name="submitOrder" data-provider="getData" finished-at="2025-07-27T23:55:47 CEST" duration-ms="5779" status="PASS">
          <params>
            <param index="0">
              <value>
                <![CDATA[{password=Azerty123+, product=ZARA COAT 3, email=ey.selenium@yopmail.com}]]>
              </value>
            </param>
          </params>
          <reporter-output>
          </reporter-output>
        </test-method> <!-- submitOrder -->
        <test-method is-config="true" signature="tearDown()[pri:0, instance:rahulshettyacademy.tests.SubmitOrderTest@694abbdc]" started-at="2025-07-27T23:55:47 CEST" name="tearDown" finished-at="2025-07-27T23:55:48 CEST" duration-ms="463" status="PASS">
          <reporter-output>
          </reporter-output>
        </test-method> <!-- tearDown -->
        <test-method is-config="true" signature="launchApplication()[pri:0, instance:rahulshettyacademy.tests.SubmitOrderTest@694abbdc]" started-at="2025-07-27T23:55:48 CEST" name="launchApplication" finished-at="2025-07-27T23:55:51 CEST" duration-ms="3823" status="PASS">
          <reporter-output>
          </reporter-output>
        </test-method> <!-- launchApplication -->
        <test-method signature="submitOrder(java.util.HashMap)[pri:0, instance:rahulshettyacademy.tests.SubmitOrderTest@694abbdc]" started-at="2025-07-27T23:55:51 CEST" name="submitOrder" data-provider="getData" finished-at="2025-07-27T23:55:57 CEST" duration-ms="5482" status="PASS">
          <params>
            <param index="0">
              <value>
                <![CDATA[{password=Azerty1234+, product=ADIDAS ORIGINAL, email=ey2.selenium@yopmail.com}]]>
              </value>
            </param>
          </params>
          <reporter-output>
          </reporter-output>
        </test-method> <!-- submitOrder -->
        <test-method is-config="true" signature="tearDown()[pri:0, instance:rahulshettyacademy.tests.SubmitOrderTest@694abbdc]" started-at="2025-07-27T23:55:57 CEST" name="tearDown" finished-at="2025-07-27T23:55:57 CEST" duration-ms="464" status="PASS">
          <reporter-output>
          </reporter-output>
        </test-method> <!-- tearDown -->
        <test-method is-config="true" signature="launchApplication()[pri:0, instance:rahulshettyacademy.tests.SubmitOrderTest@694abbdc]" started-at="2025-07-27T23:55:57 CEST" name="launchApplication" finished-at="2025-07-27T23:55:59 CEST" duration-ms="2133" status="PASS">
          <reporter-output>
          </reporter-output>
        </test-method> <!-- launchApplication -->
        <test-method signature="OrderHistoryTest()[pri:0, instance:rahulshettyacademy.tests.SubmitOrderTest@694abbdc]" started-at="2025-07-27T23:55:59 CEST" name="OrderHistoryTest" finished-at="2025-07-27T23:56:05 CEST" depends-on-methods="rahulshettyacademy.tests.SubmitOrderTest.submitOrder" duration-ms="5198" status="PASS">
          <reporter-output>
          </reporter-output>
        </test-method> <!-- OrderHistoryTest -->
        <test-method is-config="true" signature="tearDown()[pri:0, instance:rahulshettyacademy.tests.SubmitOrderTest@694abbdc]" started-at="2025-07-27T23:56:05 CEST" name="tearDown" finished-at="2025-07-27T23:56:05 CEST" duration-ms="377" status="PASS">
          <reporter-output>
          </reporter-output>
        </test-method> <!-- tearDown -->
      </class> <!-- rahulshettyacademy.tests.SubmitOrderTest -->
      <class name="rahulshettyacademy.tests.ErrorValidationsTest">
        <test-method is-config="true" signature="launchApplication()[pri:0, instance:rahulshettyacademy.tests.ErrorValidationsTest@5af3afd9]" started-at="2025-07-27T23:55:23 CEST" name="launchApplication" finished-at="2025-07-27T23:55:26 CEST" duration-ms="3821" status="PASS">
          <reporter-output>
          </reporter-output>
        </test-method> <!-- launchApplication -->
        <test-method signature="LoginErrorValidation()[pri:0, instance:rahulshettyacademy.tests.ErrorValidationsTest@5af3afd9]" started-at="2025-07-27T23:55:26 CEST" name="LoginErrorValidation" finished-at="2025-07-27T23:55:28 CEST" duration-ms="1506" status="PASS">
          <reporter-output>
          </reporter-output>
        </test-method> <!-- LoginErrorValidation -->
        <test-method is-config="true" signature="tearDown()[pri:0, instance:rahulshettyacademy.tests.ErrorValidationsTest@5af3afd9]" started-at="2025-07-27T23:55:28 CEST" name="tearDown" finished-at="2025-07-27T23:55:28 CEST" duration-ms="390" status="PASS">
          <reporter-output>
          </reporter-output>
        </test-method> <!-- tearDown -->
        <test-method is-config="true" signature="launchApplication()[pri:0, instance:rahulshettyacademy.tests.ErrorValidationsTest@5af3afd9]" started-at="2025-07-27T23:55:28 CEST" name="launchApplication" finished-at="2025-07-27T23:55:32 CEST" duration-ms="3558" status="PASS">
          <reporter-output>
          </reporter-output>
        </test-method> <!-- launchApplication -->
        <test-method signature="ProductErrorValidation()[pri:0, instance:rahulshettyacademy.tests.ErrorValidationsTest@5af3afd9]" started-at="2025-07-27T23:55:32 CEST" name="ProductErrorValidation" finished-at="2025-07-27T23:55:37 CEST" duration-ms="4743" status="PASS">
          <reporter-output>
          </reporter-output>
        </test-method> <!-- ProductErrorValidation -->
        <test-method is-config="true" signature="tearDown()[pri:0, instance:rahulshettyacademy.tests.ErrorValidationsTest@5af3afd9]" started-at="2025-07-27T23:55:37 CEST" name="tearDown" finished-at="2025-07-27T23:55:37 CEST" duration-ms="600" status="PASS">
          <reporter-output>
          </reporter-output>
        </test-method> <!-- tearDown -->
      </class> <!-- rahulshettyacademy.tests.ErrorValidationsTest -->
      <class name="cucumber.TestNGTestRunner">
        <test-method is-config="true" signature="setUpClass(org.testng.ITestContext)[pri:0, instance:cucumber.TestNGTestRunner@5fdcaa40]" started-at="2025-07-27T23:55:15 CEST" name="setUpClass" finished-at="2025-07-27T23:55:16 CEST" duration-ms="812" status="PASS">
          <params>
            <param index="0">
              <value>
                <![CDATA[org.testng.TestRunner@457a5b2d]]>
              </value>
            </param>
          </params>
          <reporter-output>
          </reporter-output>
        </test-method> <!-- setUpClass -->
        <test-method signature="runScenario(io.cucumber.testng.PickleWrapper,io.cucumber.testng.FeatureWrapper)[pri:0, instance:cucumber.TestNGTestRunner@5fdcaa40]" started-at="2025-07-27T23:55:16 CEST" name="runScenario" description="Runs Cucumber Scenarios" data-provider="scenarios" finished-at="2025-07-27T23:55:23 CEST" duration-ms="6698" status="PASS">
          <params>
            <param index="0">
              <value>
                <![CDATA["Title of your scenario outline"]]>
              </value>
            </param>
            <param index="1">
              <value>
                <![CDATA["Error validation"]]>
              </value>
            </param>
          </params>
          <reporter-output>
          </reporter-output>
        </test-method> <!-- runScenario -->
        <test-method is-config="true" signature="tearDownClass()[pri:0, instance:cucumber.TestNGTestRunner@5fdcaa40]" started-at="2025-07-27T23:55:23 CEST" name="tearDownClass" finished-at="2025-07-27T23:55:23 CEST" duration-ms="24" status="PASS">
          <reporter-output>
          </reporter-output>
        </test-method> <!-- tearDownClass -->
      </class> <!-- cucumber.TestNGTestRunner -->
    </test> <!-- Surefire test -->
  </suite> <!-- Surefire suite -->
</testng-results>
