<?xml version="1.0" encoding="UTF-8"?>
<!-- Generated by org.testng.reporters.JUnitXMLReporter -->
<testsuite ignored="0" hostname="PORT_606" failures="0" tests="2" name="Error Validations Test" time="15.459" errors="0" timestamp="2025-07-28T00:18:25 CEST">
  <testcase classname="rahulshettyacademy.tests.ErrorValidationsTest" name="LoginErrorValidation" time="2.141"/>
  <testcase classname="rahulshettyacademy.tests.ErrorValidationsTest" name="ProductErrorValidation" time="5.721"/>
</testsuite> <!-- Error Validations Test -->
