<?xml version="1.0" encoding="UTF-8"?>
<!-- Generated by org.testng.reporters.JUnitXMLReporter -->
<testsuite ignored="0" hostname="PORT_606" failures="0" tests="2" name="Error Validations Test" time="16.297" errors="0" timestamp="2025-08-02T00:19:23 CEST">
  <testcase classname="rahulshettyacademy.tests.ErrorValidationsTest" name="LoginErrorValidation" time="4.2"/>
  <testcase classname="rahulshettyacademy.tests.ErrorValidationsTest" name="ProductErrorValidation" time="5.637"/>
</testsuite> <!-- Error Validations Test -->
