<?xml version="1.0" encoding="UTF-8"?>
<!-- Generated by org.testng.reporters.JUnitXMLReporter -->
<testsuite ignored="1" hostname="PORT_606" failures="0" tests="2" name="Submit Order Test" time="22.751" errors="0" timestamp="2025-07-27T23:40:08 CEST">
  <testcase classname="rahulshettyacademy.tests.SubmitOrderTest" name="submitOrder" time="6.4"/>
  <testcase classname="rahulshettyacademy.tests.SubmitOrderTest" name="submitOrder" time="6.398"/>
  <testcase classname="rahulshettyacademy.tests.SubmitOrderTest" name="OrderHistoryTest" time="0.0">
    <ignored/>
  </testcase> <!-- OrderHistoryTest -->
</testsuite> <!-- Submit Order Test -->
