<?xml version="1.0" encoding="UTF-8"?>
<testng-results ignored="0" total="2" passed="2" failed="0" skipped="0">
  <reporter-output>
  </reporter-output>
  <suite started-at="2025-08-01T00:18:08 CEST" name="Suite" finished-at="2025-08-01T00:18:23 CEST" duration-ms="15593">
    <groups>
      <group name="ErrorHandling">
        <method signature="ErrorValidationsTest.LoginErrorValidation()[pri:0, instance:rahulshettyacademy.tests.ErrorValidationsTest@5f8e8a9d]" name="LoginErrorValidation" class="rahulshettyacademy.tests.ErrorValidationsTest"/>
      </group> <!-- ErrorHandling -->
    </groups>
    <test started-at="2025-08-01T00:18:08 CEST" name="Error Validations Test" finished-at="2025-08-01T00:18:23 CEST" duration-ms="15593">
      <class name="rahulshettyacademy.tests.ErrorValidationsTest">
        <test-method is-config="true" signature="launchApplication()[pri:0, instance:rahulshettyacademy.tests.ErrorValidationsTest@5f8e8a9d]" started-at="2025-08-01T00:18:08 CEST" name="launchApplication" finished-at="2025-08-01T00:18:11 CEST" duration-ms="3757" status="PASS">
          <reporter-output>
          </reporter-output>
        </test-method> <!-- launchApplication -->
        <test-method signature="LoginErrorValidation()[pri:0, instance:rahulshettyacademy.tests.ErrorValidationsTest@5f8e8a9d]" started-at="2025-08-01T00:18:11 CEST" name="LoginErrorValidation" finished-at="2025-08-01T00:18:14 CEST" duration-ms="2187" status="PASS">
          <reporter-output>
          </reporter-output>
        </test-method> <!-- LoginErrorValidation -->
        <test-method is-config="true" signature="tearDown()[pri:0, instance:rahulshettyacademy.tests.ErrorValidationsTest@5f8e8a9d]" started-at="2025-08-01T00:18:14 CEST" name="tearDown" finished-at="2025-08-01T00:18:14 CEST" duration-ms="376" status="PASS">
          <reporter-output>
          </reporter-output>
        </test-method> <!-- tearDown -->
        <test-method is-config="true" signature="launchApplication()[pri:0, instance:rahulshettyacademy.tests.ErrorValidationsTest@5f8e8a9d]" started-at="2025-08-01T00:18:14 CEST" name="launchApplication" finished-at="2025-08-01T00:18:17 CEST" duration-ms="2994" status="PASS">
          <reporter-output>
          </reporter-output>
        </test-method> <!-- launchApplication -->
        <test-method signature="ProductErrorValidation()[pri:0, instance:rahulshettyacademy.tests.ErrorValidationsTest@5f8e8a9d]" started-at="2025-08-01T00:18:17 CEST" name="ProductErrorValidation" finished-at="2025-08-01T00:18:23 CEST" duration-ms="5904" status="PASS">
          <reporter-output>
          </reporter-output>
        </test-method> <!-- ProductErrorValidation -->
        <test-method is-config="true" signature="tearDown()[pri:0, instance:rahulshettyacademy.tests.ErrorValidationsTest@5f8e8a9d]" started-at="2025-08-01T00:18:23 CEST" name="tearDown" finished-at="2025-08-01T00:18:23 CEST" duration-ms="318" status="PASS">
          <reporter-output>
          </reporter-output>
        </test-method> <!-- tearDown -->
      </class> <!-- rahulshettyacademy.tests.ErrorValidationsTest -->
    </test> <!-- Error Validations Test -->
  </suite> <!-- Suite -->
</testng-results>
